0 info it worked if it ends with ok
1 verbose cli [ 'node',
1 verbose cli   '/Users/a995553/.nvm/versions/node/v0.12.1/bin/npm',
1 verbose cli   'start' ]
2 info using npm@3.4.1
3 info using node@v0.12.1
4 verbose run-script [ 'prestart', 'start', 'poststart' ]
5 info lifecycle modern-backbone-starterkit@0.3.0~prestart: modern-backbone-starterkit@0.3.0
6 silly lifecycle modern-backbone-starterkit@0.3.0~prestart: no script for prestart, continuing
7 info lifecycle modern-backbone-starterkit@0.3.0~start: modern-backbone-starterkit@0.3.0
8 verbose lifecycle modern-backbone-starterkit@0.3.0~start: unsafe-perm in lifecycle true
9 verbose lifecycle modern-backbone-starterkit@0.3.0~start: PATH: /Users/a995553/.nvm/versions/node/v0.12.1/lib/node_modules/npm/bin/node-gyp-bin:/Users/a995553/okular/mr-satt/mr-satt/node_modules/.bin:/Users/a995553/.nvm/versions/node/v0.12.1/bin:/Users/a995553/.binctl:/Users/a995553/.binctl:/usr/local/mysql/bin:/usr/local/bin:/usr/bin:/bin:/usr/sbin:/sbin
10 verbose lifecycle modern-backbone-starterkit@0.3.0~start: CWD: /Users/a995553/okular/mr-satt/mr-satt
11 silly lifecycle modern-backbone-starterkit@0.3.0~start: Args: [ '-c', 'gulp' ]
12 silly lifecycle modern-backbone-starterkit@0.3.0~start: Returned: code: 1  signal: null
13 info lifecycle modern-backbone-starterkit@0.3.0~start: Failed to exec start script
14 verbose stack Error: modern-backbone-starterkit@0.3.0 start: `gulp`
14 verbose stack Exit status 1
14 verbose stack     at EventEmitter.<anonymous> (/Users/a995553/.nvm/versions/node/v0.12.1/lib/node_modules/npm/lib/utils/lifecycle.js:232:16)
14 verbose stack     at EventEmitter.emit (events.js:110:17)
14 verbose stack     at ChildProcess.<anonymous> (/Users/a995553/.nvm/versions/node/v0.12.1/lib/node_modules/npm/lib/utils/spawn.js:24:14)
14 verbose stack     at ChildProcess.emit (events.js:110:17)
14 verbose stack     at maybeClose (child_process.js:1008:16)
14 verbose stack     at Process.ChildProcess._handle.onexit (child_process.js:1080:5)
15 verbose pkgid modern-backbone-starterkit@0.3.0
16 verbose cwd /Users/a995553/okular/mr-satt/mr-satt/src
17 error Darwin 14.5.0
18 error argv "node" "/Users/a995553/.nvm/versions/node/v0.12.1/bin/npm" "start"
19 error node v0.12.1
20 error npm  v3.4.1
21 error code ELIFECYCLE
22 error modern-backbone-starterkit@0.3.0 start: `gulp`
22 error Exit status 1
23 error Failed at the modern-backbone-starterkit@0.3.0 start script 'gulp'.
23 error Make sure you have the latest version of node.js and npm installed.
23 error If you do, this is most likely a problem with the modern-backbone-starterkit package,
23 error not with npm itself.
23 error Tell the author that this fails on your system:
23 error     gulp
23 error You can get their info via:
23 error     npm owner ls modern-backbone-starterkit
23 error There is likely additional logging output above.
24 verbose exit [ 1, true ]
